app/build/intermediates/manifest_merge_blame_file/debug/manifest-merger-blame-debug-report.txt
1<?xml version="1.0" encoding="utf-8"?>
2<manifest xmlns:android="http://schemas.android.com/apk/res/android"
3    package="com.cuile.msgforward"
4    android:versionCode="1"
5    android:versionName="1.0" >
6
7    <uses-sdk
8        android:minSdkVersion="24"
8-->src/main/AndroidManifest.xml
9        android:targetSdkVersion="29" />
9-->src/main/AndroidManifest.xml
10
11    <uses-permission android:name="android.permission.RECEIVE_SMS" />
11-->src/main/AndroidManifest.xml:6:5-70
11-->src/main/AndroidManifest.xml:6:22-67
12    <uses-permission android:name="android.permission.READ_SMS" />
12-->src/main/AndroidManifest.xml:7:5-67
12-->src/main/AndroidManifest.xml:7:22-64
13
14    <application
14-->src/main/AndroidManifest.xml:8:5-33:19
15        android:allowBackup="true"
15-->src/main/AndroidManifest.xml:9:9-35
16        android:appComponentFactory="androidx.core.app.CoreComponentFactory"
16-->[androidx.core:core:1.0.2] AndroidManifest.xml:22:18-86
17        android:debuggable="true"
18        android:extractNativeLibs="false"
19        android:icon="@mipmap/ic_launcher"
19-->src/main/AndroidManifest.xml:10:9-43
20        android:label="@string/app_name"
20-->src/main/AndroidManifest.xml:11:9-41
21        android:roundIcon="@mipmap/ic_launcher_round"
21-->src/main/AndroidManifest.xml:12:9-54
22        android:supportsRtl="true"
22-->src/main/AndroidManifest.xml:13:9-35
23        android:testOnly="true"
24        android:theme="@style/AppTheme" >
24-->src/main/AndroidManifest.xml:14:9-40
25        <activity
25-->src/main/AndroidManifest.xml:15:9-24:20
26            android:name="com.cuile.msgforward.MainActivity"
26-->src/main/AndroidManifest.xml:16:13-61
27            android:label="@string/app_name"
27-->src/main/AndroidManifest.xml:17:13-45
28            android:theme="@style/AppTheme.NoActionBar" >
28-->src/main/AndroidManifest.xml:18:13-56
29            <intent-filter>
29-->src/main/AndroidManifest.xml:19:13-23:29
30                <action android:name="android.intent.action.MAIN" />
30-->src/main/AndroidManifest.xml:20:17-69
30-->src/main/AndroidManifest.xml:20:25-66
31
32                <category android:name="android.intent.category.LAUNCHER" />
32-->src/main/AndroidManifest.xml:22:17-77
32-->src/main/AndroidManifest.xml:22:27-74
33            </intent-filter>
34        </activity>
35
36        <receiver
36-->src/main/AndroidManifest.xml:25:9-32:20
37            android:name="com.cuile.msgforward.MsgReceiver"
37-->src/main/AndroidManifest.xml:26:13-40
38            android:enabled="true"
38-->src/main/AndroidManifest.xml:27:13-35
39            android:exported="true" >
39-->src/main/AndroidManifest.xml:28:13-36
40            <intent-filter>
40-->src/main/AndroidManifest.xml:29:13-31:29
41                <action android:name="android.provider.Telephony.SMS_RECEIVED" />
41-->src/main/AndroidManifest.xml:30:17-81
41-->src/main/AndroidManifest.xml:30:25-79
42            </intent-filter>
43        </receiver>
44    </application>
45
46</manifest>